<?xml version="1.0" encoding="UTF-8"?>
<testng-results skipped="0" failed="0" total="1" passed="1">
  <reporter-output>
  </reporter-output>
  <suite name="Default suite" duration-ms="6688" started-at="2014-10-13T17:40:54Z" finished-at="2014-10-13T17:41:01Z">
    <groups>
    </groups>
    <test name="Default test" duration-ms="6688" started-at="2014-10-13T17:40:54Z" finished-at="2014-10-13T17:41:01Z">
      <class name="soa.speech.recogniser.mongodb.files.StoreModelDataTest">
        <test-method status="PASS" signature="springTestContextBeforeTestClass()[pri:0, instance:soa.speech.recogniser.mongodb.files.StoreModelDataTest@190f169e]" name="springTestContextBeforeTestClass" is-config="true" duration-ms="24" started-at="2014-10-13T19:40:54Z" finished-at="2014-10-13T19:40:54Z">
          <reporter-output>
          </reporter-output>
        </test-method> <!-- springTestContextBeforeTestClass -->
        <test-method status="PASS" signature="springTestContextPrepareTestInstance()[pri:0, instance:soa.speech.recogniser.mongodb.files.StoreModelDataTest@190f169e]" name="springTestContextPrepareTestInstance" is-config="true" duration-ms="4934" started-at="2014-10-13T19:40:54Z" depends-on-methods="org.springframework.test.context.testng.AbstractTestNGSpringContextTests.springTestContextBeforeTestClass" finished-at="2014-10-13T19:40:59Z">
          <reporter-output>
          </reporter-output>
        </test-method> <!-- springTestContextPrepareTestInstance -->
        <test-method status="PASS" signature="initiallise()[pri:0, instance:soa.speech.recogniser.mongodb.files.StoreModelDataTest@190f169e]" name="initiallise" is-config="true" duration-ms="1639" started-at="2014-10-13T19:40:59Z" finished-at="2014-10-13T19:41:01Z">
          <reporter-output>
          </reporter-output>
        </test-method> <!-- initiallise -->
        <test-method status="PASS" signature="springTestContextBeforeTestMethod(java.lang.reflect.Method)[pri:0, instance:soa.speech.recogniser.mongodb.files.StoreModelDataTest@190f169e]" name="springTestContextBeforeTestMethod" is-config="true" duration-ms="2" started-at="2014-10-13T19:41:01Z" finished-at="2014-10-13T19:41:01Z">
          <params>
            <param index="0">
              <value>
                <![CDATA[public void soa.speech.recogniser.mongodb.files.StoreModelDataTest.storeTest()]]>
              </value>
            </param>
          </params>
          <reporter-output>
          </reporter-output>
        </test-method> <!-- springTestContextBeforeTestMethod -->
        <test-method status="PASS" signature="storeTest()[pri:0, instance:soa.speech.recogniser.mongodb.files.StoreModelDataTest@190f169e]" name="storeTest" duration-ms="46" started-at="2014-10-13T19:41:01Z" finished-at="2014-10-13T19:41:01Z">
          <reporter-output>
          </reporter-output>
        </test-method> <!-- storeTest -->
        <test-method status="PASS" signature="springTestContextAfterTestMethod(java.lang.reflect.Method)[pri:0, instance:soa.speech.recogniser.mongodb.files.StoreModelDataTest@190f169e]" name="springTestContextAfterTestMethod" is-config="true" duration-ms="4" started-at="2014-10-13T19:41:01Z" finished-at="2014-10-13T19:41:01Z">
          <params>
            <param index="0">
              <value>
                <![CDATA[public void soa.speech.recogniser.mongodb.files.StoreModelDataTest.storeTest()]]>
              </value>
            </param>
          </params>
          <reporter-output>
          </reporter-output>
        </test-method> <!-- springTestContextAfterTestMethod -->
        <test-method status="PASS" signature="springTestContextAfterTestClass()[pri:0, instance:soa.speech.recogniser.mongodb.files.StoreModelDataTest@190f169e]" name="springTestContextAfterTestClass" is-config="true" duration-ms="1" started-at="2014-10-13T19:41:01Z" finished-at="2014-10-13T19:41:01Z">
          <reporter-output>
          </reporter-output>
        </test-method> <!-- springTestContextAfterTestClass -->
      </class> <!-- soa.speech.recogniser.mongodb.files.StoreModelDataTest -->
    </test> <!-- Default test -->
  </suite> <!-- Default suite -->
</testng-results>
